0 info it worked if it ends with ok
1 verbose cli [ 'node',
1 verbose cli   '/usr/local/bin/npm',
1 verbose cli   'install',
1 verbose cli   '-g',
1 verbose cli   'generator-jekyllrb' ]
2 info using npm@2.5.1
3 info using node@v0.12.0
4 verbose stack Error: ENOENT, no such file or directory '/usr/local/lib/node_modules/npm/node_modules/npm-registry-client/lib/bugs.js'
4 verbose stack     at Error (native)
4 verbose stack     at Object.fs.statSync (evalmachine.<anonymous>:801:18)
4 verbose stack     at /usr/local/lib/node_modules/npm/node_modules/npm-registry-client/index.js:55:19
4 verbose stack     at Array.forEach (native)
4 verbose stack     at CachingRegistryClient.RegClient (/usr/local/lib/node_modules/npm/node_modules/npm-registry-client/index.js:51:42)
4 verbose stack     at new CachingRegistryClient (/usr/local/lib/node_modules/npm/lib/cache/caching-client.js:20:18)
4 verbose stack     at /usr/local/lib/node_modules/npm/lib/npm.js:361:22
4 verbose stack     at /usr/local/lib/node_modules/npm/lib/config/core.js:80:7
4 verbose stack     at Array.forEach (native)
4 verbose stack     at /usr/local/lib/node_modules/npm/lib/config/core.js:79:13
5 verbose cwd /Users/RCSMac/Project/Jackal
6 error Darwin 14.1.0
7 error argv "node" "/usr/local/bin/npm" "install" "-g" "generator-jekyllrb"
8 error node v0.12.0
9 error npm  v2.5.1
10 error path /usr/local/lib/node_modules/npm/node_modules/npm-registry-client/lib/bugs.js
11 error code ENOENT
12 error errno -2
13 error syscall stat
14 error enoent ENOENT, no such file or directory '/usr/local/lib/node_modules/npm/node_modules/npm-registry-client/lib/bugs.js'
14 error enoent This is most likely not a problem with npm itself
14 error enoent and is related to npm not being able to find a file.
15 verbose exit [ -2, true ]
